{"/Users/heenaberiya/Documents/Work/React_Native/Practicles/ProductOverview/ProductOverviewApp/src/components/FilterComponent.tsx": {"path":"/Users/heenaberiya/Documents/Work/React_Native/Practicles/ProductOverview/ProductOverviewApp/src/components/FilterComponent.tsx","statementMap":{"0":{"start":{"line":24,"column":56},"end":{"line":115,"column":1}},"1":{"start":{"line":34,"column":54},"end":{"line":34,"column":77}},"2":{"start":{"line":35,"column":54},"end":{"line":35,"column":77}},"3":{"start":{"line":37,"column":28},"end":{"line":40,"column":3}},"4":{"start":{"line":38,"column":4},"end":{"line":38,"column":33}},"5":{"start":{"line":39,"column":4},"end":{"line":39,"column":25}},"6":{"start":{"line":42,"column":28},"end":{"line":45,"column":3}},"7":{"start":{"line":43,"column":4},"end":{"line":43,"column":33}},"8":{"start":{"line":44,"column":4},"end":{"line":44,"column":25}},"9":{"start":{"line":47,"column":23},"end":{"line":52,"column":3}},"10":{"start":{"line":48,"column":4},"end":{"line":51,"column":7}},"11":{"start":{"line":54,"column":2},"end":{"line":114,"column":4}},"12":{"start":{"line":76,"column":31},"end":{"line":76,"column":59}},"13":{"start":{"line":77,"column":12},"end":{"line":91,"column":14}},"14":{"start":{"line":84,"column":31},"end":{"line":84,"column":55}},"15":{"start":{"line":103,"column":10},"end":{"line":103,"column":27}},"16":{"start":{"line":104,"column":10},"end":{"line":104,"column":20}},"17":{"start":{"line":117,"column":15},"end":{"line":145,"column":2}}},"fnMap":{"0":{"name":"(anonymous_0)","decl":{"start":{"line":24,"column":56},"end":{"line":24,"column":57}},"loc":{"start":{"line":33,"column":6},"end":{"line":115,"column":1}},"line":33},"1":{"name":"(anonymous_1)","decl":{"start":{"line":37,"column":28},"end":{"line":37,"column":29}},"loc":{"start":{"line":37,"column":54},"end":{"line":40,"column":3}},"line":37},"2":{"name":"(anonymous_2)","decl":{"start":{"line":42,"column":28},"end":{"line":42,"column":29}},"loc":{"start":{"line":42,"column":47},"end":{"line":45,"column":3}},"line":42},"3":{"name":"(anonymous_3)","decl":{"start":{"line":47,"column":23},"end":{"line":47,"column":24}},"loc":{"start":{"line":47,"column":29},"end":{"line":52,"column":3}},"line":47},"4":{"name":"(anonymous_4)","decl":{"start":{"line":75,"column":31},"end":{"line":75,"column":32}},"loc":{"start":{"line":75,"column":42},"end":{"line":92,"column":11}},"line":75},"5":{"name":"(anonymous_5)","decl":{"start":{"line":84,"column":25},"end":{"line":84,"column":26}},"loc":{"start":{"line":84,"column":31},"end":{"line":84,"column":55}},"line":84},"6":{"name":"(anonymous_6)","decl":{"start":{"line":102,"column":17},"end":{"line":102,"column":18}},"loc":{"start":{"line":102,"column":23},"end":{"line":105,"column":9}},"line":102}},"branchMap":{"0":{"loc":{"start":{"line":82,"column":33},"end":{"line":82,"column":77}},"type":"cond-expr","locations":[{"start":{"line":82,"column":46},"end":{"line":82,"column":58}},{"start":{"line":82,"column":61},"end":{"line":82,"column":77}}],"line":82}},"s":{"0":1,"1":12,"2":12,"3":12,"4":2,"5":2,"6":12,"7":1,"8":1,"9":12,"10":0,"11":12,"12":36,"13":36,"14":2,"15":3,"16":3,"17":1},"f":{"0":12,"1":2,"2":1,"3":0,"4":36,"5":2,"6":3},"b":{"0":[12,24]},"_coverageSchema":"1a1c01bbd47fc00a2c39e90264f33305004495a9","hash":"222cfd4cceea730d0a2cfb38bca93d6e2cc09b97"}
,"/Users/heenaberiya/Documents/Work/React_Native/Practicles/ProductOverview/ProductOverviewApp/src/components/ProductCard.tsx": {"path":"/Users/heenaberiya/Documents/Work/React_Native/Practicles/ProductOverview/ProductOverviewApp/src/components/ProductCard.tsx","statementMap":{"0":{"start":{"line":15,"column":18},"end":{"line":15,"column":42}},"1":{"start":{"line":16,"column":18},"end":{"line":16,"column":34}},"2":{"start":{"line":23,"column":48},"end":{"line":117,"column":1}},"3":{"start":{"line":30,"column":50},"end":{"line":30,"column":61}},"4":{"start":{"line":31,"column":22},"end":{"line":31,"column":53}},"5":{"start":{"line":33,"column":22},"end":{"line":41,"column":3}},"6":{"start":{"line":37,"column":28},"end":{"line":37,"column":46}},"7":{"start":{"line":38,"column":4},"end":{"line":39,"column":48}},"8":{"start":{"line":40,"column":4},"end":{"line":40,"column":73}},"9":{"start":{"line":43,"column":2},"end":{"line":116,"column":4}},"10":{"start":{"line":53,"column":10},"end":{"line":59,"column":12}},"11":{"start":{"line":70,"column":10},"end":{"line":88,"column":29}},"12":{"start":{"line":79,"column":27},"end":{"line":79,"column":53}},"13":{"start":{"line":94,"column":25},"end":{"line":94,"column":66}},"14":{"start":{"line":105,"column":25},"end":{"line":105,"column":66}},"15":{"start":{"line":119,"column":15},"end":{"line":186,"column":2}}},"fnMap":{"0":{"name":"(anonymous_0)","decl":{"start":{"line":23,"column":48},"end":{"line":23,"column":49}},"loc":{"start":{"line":29,"column":6},"end":{"line":117,"column":1}},"line":29},"1":{"name":"(anonymous_1)","decl":{"start":{"line":33,"column":22},"end":{"line":33,"column":23}},"loc":{"start":{"line":36,"column":7},"end":{"line":41,"column":3}},"line":36},"2":{"name":"(anonymous_2)","decl":{"start":{"line":52,"column":49},"end":{"line":52,"column":50}},"loc":{"start":{"line":53,"column":10},"end":{"line":59,"column":12}},"line":53},"3":{"name":"(anonymous_3)","decl":{"start":{"line":69,"column":27},"end":{"line":69,"column":28}},"loc":{"start":{"line":70,"column":10},"end":{"line":88,"column":29}},"line":70},"4":{"name":"(anonymous_4)","decl":{"start":{"line":79,"column":21},"end":{"line":79,"column":22}},"loc":{"start":{"line":79,"column":27},"end":{"line":79,"column":53}},"line":79},"5":{"name":"(anonymous_5)","decl":{"start":{"line":94,"column":19},"end":{"line":94,"column":20}},"loc":{"start":{"line":94,"column":25},"end":{"line":94,"column":66}},"line":94},"6":{"name":"(anonymous_6)","decl":{"start":{"line":105,"column":19},"end":{"line":105,"column":20}},"loc":{"start":{"line":105,"column":25},"end":{"line":105,"column":66}},"line":105}},"branchMap":{"0":{"loc":{"start":{"line":76,"column":18},"end":{"line":76,"column":78}},"type":"cond-expr","locations":[{"start":{"line":76,"column":47},"end":{"line":76,"column":59}},{"start":{"line":76,"column":62},"end":{"line":76,"column":78}}],"line":76},"1":{"loc":{"start":{"line":98,"column":18},"end":{"line":98,"column":66}},"type":"cond-expr","locations":[{"start":{"line":98,"column":41},"end":{"line":98,"column":48}},{"start":{"line":98,"column":51},"end":{"line":98,"column":66}}],"line":98},"2":{"loc":{"start":{"line":109,"column":18},"end":{"line":109,"column":66}},"type":"cond-expr","locations":[{"start":{"line":109,"column":45},"end":{"line":109,"column":50}},{"start":{"line":109,"column":53},"end":{"line":109,"column":66}}],"line":109}},"s":{"0":1,"1":1,"2":1,"3":1,"4":1,"5":1,"6":0,"7":0,"8":0,"9":1,"10":4,"11":2,"12":0,"13":0,"14":0,"15":1},"f":{"0":1,"1":0,"2":4,"3":2,"4":0,"5":0,"6":0},"b":{"0":[1,1],"1":[0,1],"2":[0,1]},"_coverageSchema":"1a1c01bbd47fc00a2c39e90264f33305004495a9","hash":"2bbb418a82c482824e2b82e2cfd8411b8773fbd0"}
,"/Users/heenaberiya/Documents/Work/React_Native/Practicles/ProductOverview/ProductOverviewApp/src/components/SearchBar.tsx": {"path":"/Users/heenaberiya/Documents/Work/React_Native/Practicles/ProductOverview/ProductOverviewApp/src/components/SearchBar.tsx","statementMap":{"0":{"start":{"line":17,"column":44},"end":{"line":38,"column":1}},"1":{"start":{"line":22,"column":2},"end":{"line":37,"column":4}},"2":{"start":{"line":40,"column":15},"end":{"line":59,"column":2}}},"fnMap":{"0":{"name":"(anonymous_0)","decl":{"start":{"line":17,"column":44},"end":{"line":17,"column":45}},"loc":{"start":{"line":21,"column":6},"end":{"line":38,"column":1}},"line":21}},"branchMap":{},"s":{"0":1,"1":4,"2":1},"f":{"0":4},"b":{},"_coverageSchema":"1a1c01bbd47fc00a2c39e90264f33305004495a9","hash":"b5717637a40615389f15c989aae256f9ac668998"}
,"/Users/heenaberiya/Documents/Work/React_Native/Practicles/ProductOverview/ProductOverviewApp/src/constants/colors.ts": {"path":"/Users/heenaberiya/Documents/Work/React_Native/Practicles/ProductOverview/ProductOverviewApp/src/constants/colors.ts","statementMap":{"0":{"start":{"line":1,"column":22},"end":{"line":7,"column":1}}},"fnMap":{},"branchMap":{},"s":{"0":3},"f":{},"b":{},"_coverageSchema":"1a1c01bbd47fc00a2c39e90264f33305004495a9","hash":"225ffb84f7ac0d86dc93f9751d217321e5aa37bf"}
,"/Users/heenaberiya/Documents/Work/React_Native/Practicles/ProductOverview/ProductOverviewApp/src/hooks/useProductActions.ts": {"path":"/Users/heenaberiya/Documents/Work/React_Native/Practicles/ProductOverview/ProductOverviewApp/src/hooks/useProductActions.ts","statementMap":{"0":{"start":{"line":3,"column":33},"end":{"line":44,"column":1}},"1":{"start":{"line":4,"column":34},"end":{"line":4,"column":56}},"2":{"start":{"line":5,"column":26},"end":{"line":5,"column":48}},"3":{"start":{"line":7,"column":28},"end":{"line":9,"column":3}},"4":{"start":{"line":8,"column":4},"end":{"line":8,"column":40}},"5":{"start":{"line":11,"column":31},"end":{"line":22,"column":3}},"6":{"start":{"line":16,"column":22},"end":{"line":16,"column":62}},"7":{"start":{"line":17,"column":4},"end":{"line":21,"column":6}},"8":{"start":{"line":18,"column":6},"end":{"line":20,"column":57}},"9":{"start":{"line":20,"column":39},"end":{"line":20,"column":56}},"10":{"start":{"line":24,"column":27},"end":{"line":35,"column":3}},"11":{"start":{"line":29,"column":22},"end":{"line":29,"column":62}},"12":{"start":{"line":30,"column":4},"end":{"line":34,"column":6}},"13":{"start":{"line":31,"column":6},"end":{"line":33,"column":53}},"14":{"start":{"line":33,"column":35},"end":{"line":33,"column":52}},"15":{"start":{"line":37,"column":2},"end":{"line":43,"column":4}}},"fnMap":{"0":{"name":"(anonymous_0)","decl":{"start":{"line":3,"column":33},"end":{"line":3,"column":34}},"loc":{"start":{"line":3,"column":39},"end":{"line":44,"column":1}},"line":3},"1":{"name":"(anonymous_1)","decl":{"start":{"line":7,"column":28},"end":{"line":7,"column":29}},"loc":{"start":{"line":7,"column":71},"end":{"line":9,"column":3}},"line":7},"2":{"name":"(anonymous_2)","decl":{"start":{"line":11,"column":31},"end":{"line":11,"column":32}},"loc":{"start":{"line":15,"column":7},"end":{"line":22,"column":3}},"line":15},"3":{"name":"(anonymous_3)","decl":{"start":{"line":17,"column":16},"end":{"line":17,"column":17}},"loc":{"start":{"line":18,"column":6},"end":{"line":20,"column":57}},"line":18},"4":{"name":"(anonymous_4)","decl":{"start":{"line":20,"column":30},"end":{"line":20,"column":31}},"loc":{"start":{"line":20,"column":39},"end":{"line":20,"column":56}},"line":20},"5":{"name":"(anonymous_5)","decl":{"start":{"line":24,"column":27},"end":{"line":24,"column":28}},"loc":{"start":{"line":28,"column":7},"end":{"line":35,"column":3}},"line":28},"6":{"name":"(anonymous_6)","decl":{"start":{"line":30,"column":12},"end":{"line":30,"column":13}},"loc":{"start":{"line":31,"column":6},"end":{"line":33,"column":53}},"line":31},"7":{"name":"(anonymous_7)","decl":{"start":{"line":33,"column":26},"end":{"line":33,"column":27}},"loc":{"start":{"line":33,"column":35},"end":{"line":33,"column":52}},"line":33}},"branchMap":{"0":{"loc":{"start":{"line":18,"column":6},"end":{"line":20,"column":57}},"type":"cond-expr","locations":[{"start":{"line":19,"column":10},"end":{"line":19,"column":38}},{"start":{"line":20,"column":10},"end":{"line":20,"column":57}}],"line":18},"1":{"loc":{"start":{"line":31,"column":6},"end":{"line":33,"column":53}},"type":"cond-expr","locations":[{"start":{"line":32,"column":10},"end":{"line":32,"column":34}},{"start":{"line":33,"column":10},"end":{"line":33,"column":53}}],"line":31}},"s":{"0":2,"1":12,"2":12,"3":12,"4":9,"5":12,"6":3,"7":3,"8":3,"9":1,"10":12,"11":3,"12":3,"13":3,"14":1,"15":12},"f":{"0":12,"1":9,"2":3,"3":3,"4":1,"5":3,"6":3,"7":1},"b":{"0":[2,1],"1":[2,1]},"_coverageSchema":"1a1c01bbd47fc00a2c39e90264f33305004495a9","hash":"9c11702007e3b4b25c8e27c889a51a95101a6bef"}
,"/Users/heenaberiya/Documents/Work/React_Native/Practicles/ProductOverview/ProductOverviewApp/src/hooks/useProductFiltering.ts": {"path":"/Users/heenaberiya/Documents/Work/React_Native/Practicles/ProductOverview/ProductOverviewApp/src/hooks/useProductFiltering.ts","statementMap":{"0":{"start":{"line":4,"column":35},"end":{"line":51,"column":1}},"1":{"start":{"line":5,"column":50},"end":{"line":5,"column":79}},"2":{"start":{"line":6,"column":40},"end":{"line":6,"column":60}},"3":{"start":{"line":7,"column":44},"end":{"line":7,"column":65}},"4":{"start":{"line":8,"column":44},"end":{"line":8,"column":73}},"5":{"start":{"line":11,"column":33},"end":{"line":16,"column":29}},"6":{"start":{"line":12,"column":4},"end":{"line":12,"column":38}},"7":{"start":{"line":12,"column":22},"end":{"line":12,"column":38}},"8":{"start":{"line":13,"column":4},"end":{"line":15,"column":6}},"9":{"start":{"line":14,"column":6},"end":{"line":14,"column":67}},"10":{"start":{"line":18,"column":32},"end":{"line":26,"column":45}},"11":{"start":{"line":19,"column":4},"end":{"line":19,"column":54}},"12":{"start":{"line":19,"column":24},"end":{"line":19,"column":54}},"13":{"start":{"line":20,"column":4},"end":{"line":25,"column":6}},"14":{"start":{"line":21,"column":6},"end":{"line":24,"column":7}},"15":{"start":{"line":23,"column":10},"end":{"line":23,"column":47}},"16":{"start":{"line":28,"column":32},"end":{"line":30,"column":44}},"17":{"start":{"line":29,"column":4},"end":{"line":29,"column":79}},"18":{"start":{"line":29,"column":50},"end":{"line":29,"column":77}},"19":{"start":{"line":33,"column":32},"end":{"line":35,"column":29}},"20":{"start":{"line":34,"column":4},"end":{"line":34,"column":47}},"21":{"start":{"line":38,"column":2},"end":{"line":40,"column":30}},"22":{"start":{"line":39,"column":4},"end":{"line":39,"column":28}},"23":{"start":{"line":42,"column":2},"end":{"line":50,"column":4}}},"fnMap":{"0":{"name":"(anonymous_0)","decl":{"start":{"line":4,"column":35},"end":{"line":4,"column":36}},"loc":{"start":{"line":4,"column":60},"end":{"line":51,"column":1}},"line":4},"1":{"name":"(anonymous_1)","decl":{"start":{"line":11,"column":41},"end":{"line":11,"column":42}},"loc":{"start":{"line":11,"column":47},"end":{"line":16,"column":3}},"line":11},"2":{"name":"(anonymous_2)","decl":{"start":{"line":13,"column":27},"end":{"line":13,"column":28}},"loc":{"start":{"line":14,"column":6},"end":{"line":14,"column":67}},"line":14},"3":{"name":"(anonymous_3)","decl":{"start":{"line":18,"column":40},"end":{"line":18,"column":41}},"loc":{"start":{"line":18,"column":46},"end":{"line":26,"column":3}},"line":18},"4":{"name":"(anonymous_4)","decl":{"start":{"line":20,"column":41},"end":{"line":20,"column":42}},"loc":{"start":{"line":21,"column":6},"end":{"line":24,"column":7}},"line":21},"5":{"name":"(anonymous_5)","decl":{"start":{"line":22,"column":8},"end":{"line":22,"column":9}},"loc":{"start":{"line":23,"column":10},"end":{"line":23,"column":47}},"line":23},"6":{"name":"(anonymous_6)","decl":{"start":{"line":28,"column":40},"end":{"line":28,"column":41}},"loc":{"start":{"line":28,"column":46},"end":{"line":30,"column":3}},"line":28},"7":{"name":"(anonymous_7)","decl":{"start":{"line":29,"column":40},"end":{"line":29,"column":41}},"loc":{"start":{"line":29,"column":50},"end":{"line":29,"column":77}},"line":29},"8":{"name":"(anonymous_8)","decl":{"start":{"line":33,"column":44},"end":{"line":33,"column":45}},"loc":{"start":{"line":33,"column":50},"end":{"line":35,"column":3}},"line":33},"9":{"name":"(anonymous_9)","decl":{"start":{"line":38,"column":12},"end":{"line":38,"column":13}},"loc":{"start":{"line":38,"column":18},"end":{"line":40,"column":3}},"line":38}},"branchMap":{"0":{"loc":{"start":{"line":12,"column":4},"end":{"line":12,"column":38}},"type":"if","locations":[{"start":{"line":12,"column":4},"end":{"line":12,"column":38}},{"start":{},"end":{}}],"line":12},"1":{"loc":{"start":{"line":19,"column":4},"end":{"line":19,"column":54}},"type":"if","locations":[{"start":{"line":19,"column":4},"end":{"line":19,"column":54}},{"start":{},"end":{}}],"line":19}},"s":{"0":2,"1":24,"2":24,"3":24,"4":24,"5":24,"6":10,"7":6,"8":4,"9":20,"10":24,"11":11,"12":9,"13":2,"14":6,"15":6,"16":24,"17":12,"18":39,"19":24,"20":12,"21":24,"22":12,"23":24},"f":{"0":24,"1":10,"2":20,"3":11,"4":6,"5":6,"6":12,"7":39,"8":12,"9":12},"b":{"0":[6,4],"1":[9,2]},"_coverageSchema":"1a1c01bbd47fc00a2c39e90264f33305004495a9","hash":"862937a9e8a02ecfd4c161c228161c4c2586df28"}
,"/Users/heenaberiya/Documents/Work/React_Native/Practicles/ProductOverview/ProductOverviewApp/src/services/api.ts": {"path":"/Users/heenaberiya/Documents/Work/React_Native/Practicles/ProductOverview/ProductOverviewApp/src/services/api.ts","statementMap":{"0":{"start":{"line":1,"column":29},"end":{"line":12,"column":1}},"1":{"start":{"line":2,"column":2},"end":{"line":11,"column":3}},"2":{"start":{"line":3,"column":21},"end":{"line":3,"column":66}},"3":{"start":{"line":4,"column":4},"end":{"line":6,"column":5}},"4":{"start":{"line":5,"column":6},"end":{"line":5,"column":53}},"5":{"start":{"line":7,"column":4},"end":{"line":7,"column":33}},"6":{"start":{"line":9,"column":4},"end":{"line":9,"column":57}},"7":{"start":{"line":10,"column":4},"end":{"line":10,"column":16}}},"fnMap":{"0":{"name":"(anonymous_0)","decl":{"start":{"line":1,"column":29},"end":{"line":1,"column":30}},"loc":{"start":{"line":1,"column":41},"end":{"line":12,"column":1}},"line":1}},"branchMap":{"0":{"loc":{"start":{"line":4,"column":4},"end":{"line":6,"column":5}},"type":"if","locations":[{"start":{"line":4,"column":4},"end":{"line":6,"column":5}},{"start":{},"end":{}}],"line":4}},"s":{"0":2,"1":3,"2":3,"3":2,"4":1,"5":1,"6":2,"7":2},"f":{"0":3},"b":{"0":[1,1]},"_coverageSchema":"1a1c01bbd47fc00a2c39e90264f33305004495a9","hash":"8f88cf38b6b954fd594e6f0965ba3d17a9cc427e"}
,"/Users/heenaberiya/Documents/Work/React_Native/Practicles/ProductOverview/ProductOverviewApp/src/styles/buttonStyles.ts": {"path":"/Users/heenaberiya/Documents/Work/React_Native/Practicles/ProductOverview/ProductOverviewApp/src/styles/buttonStyles.ts","statementMap":{"0":{"start":{"line":4,"column":28},"end":{"line":16,"column":2}}},"fnMap":{},"branchMap":{},"s":{"0":2},"f":{},"b":{},"_coverageSchema":"1a1c01bbd47fc00a2c39e90264f33305004495a9","hash":"bd57a658f90e3365ba398cc674cfeb2ade457f69"}
}
