{"/Users/heenaberiya/Documents/Work/React_Native/Practicles/ProductOverview/ProductOverviewApp/src/components/FilterComponent.tsx": {"path":"/Users/heenaberiya/Documents/Work/React_Native/Practicles/ProductOverview/ProductOverviewApp/src/components/FilterComponent.tsx","statementMap":{"0":{"start":{"line":24,"column":56},"end":{"line":115,"column":1}},"1":{"start":{"line":34,"column":54},"end":{"line":34,"column":77}},"2":{"start":{"line":35,"column":54},"end":{"line":35,"column":77}},"3":{"start":{"line":37,"column":28},"end":{"line":40,"column":3}},"4":{"start":{"line":38,"column":4},"end":{"line":38,"column":33}},"5":{"start":{"line":39,"column":4},"end":{"line":39,"column":25}},"6":{"start":{"line":42,"column":28},"end":{"line":45,"column":3}},"7":{"start":{"line":43,"column":4},"end":{"line":43,"column":33}},"8":{"start":{"line":44,"column":4},"end":{"line":44,"column":25}},"9":{"start":{"line":47,"column":23},"end":{"line":52,"column":3}},"10":{"start":{"line":48,"column":4},"end":{"line":51,"column":7}},"11":{"start":{"line":54,"column":2},"end":{"line":114,"column":4}},"12":{"start":{"line":76,"column":31},"end":{"line":76,"column":59}},"13":{"start":{"line":77,"column":12},"end":{"line":91,"column":14}},"14":{"start":{"line":84,"column":31},"end":{"line":84,"column":55}},"15":{"start":{"line":103,"column":10},"end":{"line":103,"column":27}},"16":{"start":{"line":104,"column":10},"end":{"line":104,"column":20}},"17":{"start":{"line":117,"column":15},"end":{"line":145,"column":2}}},"fnMap":{"0":{"name":"(anonymous_0)","decl":{"start":{"line":24,"column":56},"end":{"line":24,"column":57}},"loc":{"start":{"line":33,"column":6},"end":{"line":115,"column":1}},"line":33},"1":{"name":"(anonymous_1)","decl":{"start":{"line":37,"column":28},"end":{"line":37,"column":29}},"loc":{"start":{"line":37,"column":54},"end":{"line":40,"column":3}},"line":37},"2":{"name":"(anonymous_2)","decl":{"start":{"line":42,"column":28},"end":{"line":42,"column":29}},"loc":{"start":{"line":42,"column":47},"end":{"line":45,"column":3}},"line":42},"3":{"name":"(anonymous_3)","decl":{"start":{"line":47,"column":23},"end":{"line":47,"column":24}},"loc":{"start":{"line":47,"column":29},"end":{"line":52,"column":3}},"line":47},"4":{"name":"(anonymous_4)","decl":{"start":{"line":75,"column":31},"end":{"line":75,"column":32}},"loc":{"start":{"line":75,"column":42},"end":{"line":92,"column":11}},"line":75},"5":{"name":"(anonymous_5)","decl":{"start":{"line":84,"column":25},"end":{"line":84,"column":26}},"loc":{"start":{"line":84,"column":31},"end":{"line":84,"column":55}},"line":84},"6":{"name":"(anonymous_6)","decl":{"start":{"line":102,"column":17},"end":{"line":102,"column":18}},"loc":{"start":{"line":102,"column":23},"end":{"line":105,"column":9}},"line":102}},"branchMap":{"0":{"loc":{"start":{"line":82,"column":33},"end":{"line":82,"column":77}},"type":"cond-expr","locations":[{"start":{"line":82,"column":46},"end":{"line":82,"column":58}},{"start":{"line":82,"column":61},"end":{"line":82,"column":77}}],"line":82}},"s":{"0":1,"1":12,"2":12,"3":12,"4":2,"5":2,"6":12,"7":1,"8":1,"9":12,"10":0,"11":12,"12":36,"13":36,"14":2,"15":3,"16":3,"17":1},"f":{"0":12,"1":2,"2":1,"3":0,"4":36,"5":2,"6":3},"b":{"0":[12,24]},"_coverageSchema":"1a1c01bbd47fc00a2c39e90264f33305004495a9","hash":"222cfd4cceea730d0a2cfb38bca93d6e2cc09b97"}
,"/Users/heenaberiya/Documents/Work/React_Native/Practicles/ProductOverview/ProductOverviewApp/src/constants/colors.ts": {"path":"/Users/heenaberiya/Documents/Work/React_Native/Practicles/ProductOverview/ProductOverviewApp/src/constants/colors.ts","statementMap":{"0":{"start":{"line":1,"column":22},"end":{"line":7,"column":1}}},"fnMap":{},"branchMap":{},"s":{"0":1},"f":{},"b":{},"_coverageSchema":"1a1c01bbd47fc00a2c39e90264f33305004495a9","hash":"225ffb84f7ac0d86dc93f9751d217321e5aa37bf"}
,"/Users/heenaberiya/Documents/Work/React_Native/Practicles/ProductOverview/ProductOverviewApp/src/styles/buttonStyles.ts": {"path":"/Users/heenaberiya/Documents/Work/React_Native/Practicles/ProductOverview/ProductOverviewApp/src/styles/buttonStyles.ts","statementMap":{"0":{"start":{"line":4,"column":28},"end":{"line":16,"column":2}}},"fnMap":{},"branchMap":{},"s":{"0":1},"f":{},"b":{},"_coverageSchema":"1a1c01bbd47fc00a2c39e90264f33305004495a9","hash":"bd57a658f90e3365ba398cc674cfeb2ade457f69"}
}
