TN:
SF:src/components/FilterComponent.tsx
FN:24,(anonymous_0)
FN:37,(anonymous_1)
FN:42,(anonymous_2)
FN:47,(anonymous_3)
FN:75,(anonymous_4)
FN:84,(anonymous_5)
FN:102,(anonymous_6)
FNF:7
FNH:6
FNDA:12,(anonymous_0)
FNDA:2,(anonymous_1)
FNDA:1,(anonymous_2)
FNDA:0,(anonymous_3)
FNDA:36,(anonymous_4)
FNDA:2,(anonymous_5)
FNDA:3,(anonymous_6)
DA:24,1
DA:34,12
DA:35,12
DA:37,12
DA:38,2
DA:39,2
DA:42,12
DA:43,1
DA:44,1
DA:47,12
DA:48,0
DA:54,12
DA:76,36
DA:77,36
DA:84,2
DA:103,3
DA:104,3
DA:117,1
LF:18
LH:17
BRDA:82,0,0,12
BRDA:82,0,1,24
BRF:2
BRH:2
end_of_record
TN:
SF:src/components/ProductCard.tsx
FN:23,(anonymous_0)
FN:33,(anonymous_1)
FN:52,(anonymous_2)
FN:69,(anonymous_3)
FN:79,(anonymous_4)
FN:94,(anonymous_5)
FN:105,(anonymous_6)
FNF:7
FNH:3
FNDA:1,(anonymous_0)
FNDA:0,(anonymous_1)
FNDA:4,(anonymous_2)
FNDA:2,(anonymous_3)
FNDA:0,(anonymous_4)
FNDA:0,(anonymous_5)
FNDA:0,(anonymous_6)
DA:15,1
DA:16,1
DA:23,1
DA:30,1
DA:31,1
DA:33,1
DA:37,0
DA:38,0
DA:40,0
DA:43,1
DA:53,4
DA:70,2
DA:79,0
DA:94,0
DA:105,0
DA:119,1
LF:16
LH:10
BRDA:76,0,0,1
BRDA:76,0,1,1
BRDA:98,1,0,0
BRDA:98,1,1,1
BRDA:109,2,0,0
BRDA:109,2,1,1
BRF:6
BRH:4
end_of_record
TN:
SF:src/components/SearchBar.tsx
FN:17,(anonymous_0)
FNF:1
FNH:1
FNDA:4,(anonymous_0)
DA:17,1
DA:22,4
DA:40,1
LF:3
LH:3
BRF:0
BRH:0
end_of_record
TN:
SF:src/constants/colors.ts
FNF:0
FNH:0
DA:1,3
LF:1
LH:1
BRF:0
BRH:0
end_of_record
TN:
SF:src/hooks/useProductActions.ts
FN:3,(anonymous_0)
FN:7,(anonymous_1)
FN:11,(anonymous_2)
FN:17,(anonymous_3)
FN:20,(anonymous_4)
FN:24,(anonymous_5)
FN:30,(anonymous_6)
FN:33,(anonymous_7)
FNF:8
FNH:8
FNDA:12,(anonymous_0)
FNDA:9,(anonymous_1)
FNDA:3,(anonymous_2)
FNDA:3,(anonymous_3)
FNDA:1,(anonymous_4)
FNDA:3,(anonymous_5)
FNDA:3,(anonymous_6)
FNDA:1,(anonymous_7)
DA:3,2
DA:4,12
DA:5,12
DA:7,12
DA:8,9
DA:11,12
DA:16,3
DA:17,3
DA:18,3
DA:20,1
DA:24,12
DA:29,3
DA:30,3
DA:31,3
DA:33,1
DA:37,12
LF:16
LH:16
BRDA:18,0,0,2
BRDA:18,0,1,1
BRDA:31,1,0,2
BRDA:31,1,1,1
BRF:4
BRH:4
end_of_record
TN:
SF:src/hooks/useProductFiltering.ts
FN:4,(anonymous_0)
FN:11,(anonymous_1)
FN:13,(anonymous_2)
FN:18,(anonymous_3)
FN:20,(anonymous_4)
FN:22,(anonymous_5)
FN:28,(anonymous_6)
FN:29,(anonymous_7)
FN:33,(anonymous_8)
FN:38,(anonymous_9)
FNF:10
FNH:10
FNDA:24,(anonymous_0)
FNDA:10,(anonymous_1)
FNDA:20,(anonymous_2)
FNDA:11,(anonymous_3)
FNDA:6,(anonymous_4)
FNDA:6,(anonymous_5)
FNDA:12,(anonymous_6)
FNDA:39,(anonymous_7)
FNDA:12,(anonymous_8)
FNDA:12,(anonymous_9)
DA:4,2
DA:5,24
DA:6,24
DA:7,24
DA:8,24
DA:11,24
DA:12,10
DA:13,4
DA:14,20
DA:18,24
DA:19,11
DA:20,2
DA:21,6
DA:23,6
DA:28,24
DA:29,39
DA:33,24
DA:34,12
DA:38,24
DA:39,12
DA:42,24
LF:21
LH:21
BRDA:12,0,0,6
BRDA:12,0,1,4
BRDA:19,1,0,9
BRDA:19,1,1,2
BRF:4
BRH:4
end_of_record
TN:
SF:src/services/api.ts
FN:1,(anonymous_0)
FNF:1
FNH:1
FNDA:3,(anonymous_0)
DA:1,2
DA:2,3
DA:3,3
DA:4,2
DA:5,1
DA:7,1
DA:9,2
DA:10,2
LF:8
LH:8
BRDA:4,0,0,1
BRDA:4,0,1,1
BRF:2
BRH:2
end_of_record
TN:
SF:src/styles/buttonStyles.ts
FNF:0
FNH:0
DA:4,2
LF:1
LH:1
BRF:0
BRH:0
end_of_record
