TN:
SF:src/components/FilterComponent.tsx
FN:24,(anonymous_0)
FN:37,(anonymous_1)
FN:42,(anonymous_2)
FN:47,(anonymous_3)
FN:75,(anonymous_4)
FN:84,(anonymous_5)
FN:102,(anonymous_6)
FNF:7
FNH:6
FNDA:12,(anonymous_0)
FNDA:2,(anonymous_1)
FNDA:1,(anonymous_2)
FNDA:0,(anonymous_3)
FNDA:36,(anonymous_4)
FNDA:2,(anonymous_5)
FNDA:3,(anonymous_6)
DA:24,1
DA:34,12
DA:35,12
DA:37,12
DA:38,2
DA:39,2
DA:42,12
DA:43,1
DA:44,1
DA:47,12
DA:48,0
DA:54,12
DA:76,36
DA:77,36
DA:84,2
DA:103,3
DA:104,3
DA:117,1
LF:18
LH:17
BRDA:82,0,0,12
BRDA:82,0,1,24
BRF:2
BRH:2
end_of_record
TN:
SF:src/constants/colors.ts
FNF:0
FNH:0
DA:1,1
LF:1
LH:1
BRF:0
BRH:0
end_of_record
TN:
SF:src/styles/buttonStyles.ts
FNF:0
FNH:0
DA:4,1
LF:1
LH:1
BRF:0
BRH:0
end_of_record
